2025-10-21 14:34:56.957 INFO  c.k.katalon.core.main.TestSuiteExecutor  - START Test Suites/TS_APITest
2025-10-21 14:34:57.089 INFO  c.k.katalon.core.main.TestSuiteExecutor  - userFullName = Siti Sarah Pusdikasari
2025-10-21 14:34:57.091 INFO  c.k.katalon.core.main.TestSuiteExecutor  - projectName = KatalonTest2
2025-10-21 14:34:57.092 INFO  c.k.katalon.core.main.TestSuiteExecutor  - hostName = HP - DESKTOP-8U19AHR
2025-10-21 14:34:57.092 INFO  c.k.katalon.core.main.TestSuiteExecutor  - os = Windows 11 64bit
2025-10-21 14:34:57.092 INFO  c.k.katalon.core.main.TestSuiteExecutor  - hostAddress = 192.168.0.110
2025-10-21 14:34:57.093 INFO  c.k.katalon.core.main.TestSuiteExecutor  - katalonVersion = 10.3.2.0
2025-10-21 14:34:57.851 INFO  c.k.katalon.core.main.TestCaseExecutor   - --------------------
2025-10-21 14:34:57.851 INFO  c.k.katalon.core.main.TestCaseExecutor   - START Test Cases/TC01 API_AddObject
2025-10-21 14:34:57.950 ERROR c.k.katalon.core.main.TestCaseExecutor   - ❌ Test Cases/TC01 API_AddObject has ERROR(s).
Reason:
org.codehaus.groovy.control.MultipleCompilationErrorsException: startup failed:
Script325251590150500.groovy: 30: Unexpected input: '(' @ line 30, column 39.
   RequestObject request = findTestObject('API_TestObject/AddObjectAPI', , variable)
                                         ^

1 error

2025-10-21 14:34:57.958 INFO  c.k.katalon.core.main.TestCaseExecutor   - END Test Cases/TC01 API_AddObject
2025-10-21 14:34:57.973 INFO  c.k.katalon.core.main.TestCaseExecutor   - --------------------
2025-10-21 14:34:57.974 INFO  c.k.katalon.core.main.TestCaseExecutor   - START Test Cases/TC01 API_AddObject
2025-10-21 14:34:58.010 ERROR c.k.katalon.core.main.TestCaseExecutor   - ❌ Test Cases/TC01 API_AddObject has ERROR(s).
Reason:
org.codehaus.groovy.control.MultipleCompilationErrorsException: startup failed:
Script325251713200700.groovy: 30: Unexpected input: '(' @ line 30, column 39.
   RequestObject request = findTestObject('API_TestObject/AddObjectAPI', , variable)
                                         ^

1 error

2025-10-21 14:34:58.012 INFO  c.k.katalon.core.main.TestCaseExecutor   - END Test Cases/TC01 API_AddObject
2025-10-21 14:34:58.021 INFO  c.k.katalon.core.main.TestCaseExecutor   - --------------------
2025-10-21 14:34:58.021 INFO  c.k.katalon.core.main.TestCaseExecutor   - START Test Cases/TC01 API_AddObject
2025-10-21 14:34:58.045 ERROR c.k.katalon.core.main.TestCaseExecutor   - ❌ Test Cases/TC01 API_AddObject has ERROR(s).
Reason:
org.codehaus.groovy.control.MultipleCompilationErrorsException: startup failed:
Script325251760575900.groovy: 30: Unexpected input: '(' @ line 30, column 39.
   RequestObject request = findTestObject('API_TestObject/AddObjectAPI', , variable)
                                         ^

1 error

2025-10-21 14:34:58.047 INFO  c.k.katalon.core.main.TestCaseExecutor   - END Test Cases/TC01 API_AddObject
2025-10-21 14:34:58.054 INFO  c.k.katalon.core.main.TestCaseExecutor   - --------------------
2025-10-21 14:34:58.055 INFO  c.k.katalon.core.main.TestCaseExecutor   - START Test Cases/TC01 API_AddObject
2025-10-21 14:34:58.081 ERROR c.k.katalon.core.main.TestCaseExecutor   - ❌ Test Cases/TC01 API_AddObject has ERROR(s).
Reason:
org.codehaus.groovy.control.MultipleCompilationErrorsException: startup failed:
Script325251793232600.groovy: 30: Unexpected input: '(' @ line 30, column 39.
   RequestObject request = findTestObject('API_TestObject/AddObjectAPI', , variable)
                                         ^

1 error

2025-10-21 14:34:58.085 INFO  c.k.katalon.core.main.TestCaseExecutor   - END Test Cases/TC01 API_AddObject
2025-10-21 14:34:58.170 INFO  c.k.katalon.core.main.TestSuiteExecutor  - --------------------
2025-10-21 14:34:58.170 INFO  c.k.katalon.core.main.TestSuiteExecutor  - END Test Suites/TS_APITest
2025-10-21 14:34:58.170 INFO  c.k.katalon.core.main.TestSuiteExecutor  - ====================
