2025-10-21 14:23:51.337 INFO  c.k.katalon.core.main.TestSuiteExecutor  - START Test Suites/TS_APITest
2025-10-21 14:23:51.487 INFO  c.k.katalon.core.main.TestSuiteExecutor  - userFullName = Siti Sarah Pusdikasari
2025-10-21 14:23:51.489 INFO  c.k.katalon.core.main.TestSuiteExecutor  - projectName = KatalonTest2
2025-10-21 14:23:51.490 INFO  c.k.katalon.core.main.TestSuiteExecutor  - hostName = HP - DESKTOP-8U19AHR
2025-10-21 14:23:51.491 INFO  c.k.katalon.core.main.TestSuiteExecutor  - os = Windows 11 64bit
2025-10-21 14:23:51.491 INFO  c.k.katalon.core.main.TestSuiteExecutor  - hostAddress = 192.168.0.110
2025-10-21 14:23:51.493 INFO  c.k.katalon.core.main.TestSuiteExecutor  - katalonVersion = 10.3.2.0
2025-10-21 14:23:52.228 INFO  c.k.katalon.core.main.TestCaseExecutor   - --------------------
2025-10-21 14:23:52.230 INFO  c.k.katalon.core.main.TestCaseExecutor   - START Test Cases/TC01 API_AddObject
2025-10-21 14:23:52.330 INFO  c.k.katalon.core.main.TestCaseExecutor   - namaTC = TC01
2025-10-21 14:23:52.331 INFO  c.k.katalon.core.main.TestCaseExecutor   - name = Apple MacBook Pro 16
2025-10-21 14:23:52.332 INFO  c.k.katalon.core.main.TestCaseExecutor   - year = 2019
2025-10-21 14:23:52.807 DEBUG testcase.TC01 API_AddObject              - 1: variable = [:]
2025-10-21 14:23:52.810 DEBUG testcase.TC01 API_AddObject              - 2: variable.put("namaTC", namaTC)
2025-10-21 14:23:52.825 DEBUG testcase.TC01 API_AddObject              - 3: comment("Nama Test Case: " + namaTC)
2025-10-21 14:23:52.903 INFO  c.k.k.c.keyword.builtin.CommentKeyword   - Nama Test Case: TC01
2025-10-21 14:23:52.906 DEBUG testcase.TC01 API_AddObject              - 4: request = findTestObject("API_TestObject/AddObjectAPI", ["url":"https://api.restful-api.dev"])
2025-10-21 14:23:53.045 DEBUG testcase.TC01 API_AddObject              - 5: response = sendRequest(request)
2025-10-21 14:23:54.143 INFO  c.k.k.core.webservice.common.HarLogger   - HAR: C:\Users\HP\git\KatalonTest2\Reports\20251021_142346\TS_APITest\20251021_142347\requests\main\AddObjectAPI_0.har
2025-10-21 14:23:54.210 DEBUG testcase.TC01 API_AddObject              - 6: bodyResponse = response.getResponseBodyContent()
2025-10-21 14:23:54.224 DEBUG testcase.TC01 API_AddObject              - 7: comment(bodyResponse)
2025-10-21 14:23:54.227 INFO  c.k.k.c.keyword.builtin.CommentKeyword   - {"id":"ff8081819782e69e019a05a72e861c0b","name":"${name}","createdAt":"2025-10-21T07:23:53.862+00:00","data":{"year":2019,"price":1849.99,"CPU model":"${year}","Hard disk size":"1 TB"}}
2025-10-21 14:23:54.229 DEBUG testcase.TC01 API_AddObject              - 8: mii.JsonParser.compareNameProduct(bodyResponse, name)
2025-10-21 14:23:54.246 ERROR k.k.c.m.CustomKeywordDelegatingMetaClass - ❌ Unresolved compilation problems: 
	Groovy:unable to resolve class MobileBuiltInKeywords
	Groovy:unable to resolve class WSBuiltInKeywords
	Groovy:unable to resolve class WebUiBuiltInKeywords

2025-10-21 14:23:54.251 ERROR c.k.katalon.core.main.TestCaseExecutor   - ❌ Test Cases/TC01 API_AddObject FAILED.
Reason:
com.kms.katalon.core.exception.StepErrorException: java.lang.Error: Unresolved compilation problems: 
	Groovy:unable to resolve class MobileBuiltInKeywords
	Groovy:unable to resolve class WSBuiltInKeywords
	Groovy:unable to resolve class WebUiBuiltInKeywords

	at com.kms.katalon.core.main.CustomKeywordDelegatingMetaClass.throwError(CustomKeywordDelegatingMetaClass.java:101)
	at com.kms.katalon.core.main.CustomKeywordDelegatingMetaClass.invokeStaticMethod(CustomKeywordDelegatingMetaClass.java:73)
	at TC01 API_AddObject.run(TC01 API_AddObject:35)
	at com.kms.katalon.core.main.ScriptEngine.run(ScriptEngine.java:194)
	at com.kms.katalon.core.main.ScriptEngine.runScriptAsRawText(ScriptEngine.java:119)
	at com.kms.katalon.core.main.TestCaseExecutor.runScript(TestCaseExecutor.java:486)
	at com.kms.katalon.core.main.TestCaseExecutor.doExecute(TestCaseExecutor.java:477)
	at com.kms.katalon.core.main.TestCaseExecutor.processExecutionPhase(TestCaseExecutor.java:456)
	at com.kms.katalon.core.main.TestCaseExecutor.accessMainPhase(TestCaseExecutor.java:448)
	at com.kms.katalon.core.main.TestCaseExecutor.execute(TestCaseExecutor.java:322)
	at com.kms.katalon.core.common.CommonExecutor.accessTestCaseMainPhase(CommonExecutor.java:71)
	at com.kms.katalon.core.main.TestSuiteExecutor.accessTestSuiteMainPhase(TestSuiteExecutor.java:145)
	at com.kms.katalon.core.main.TestSuiteExecutor.execute(TestSuiteExecutor.java:104)
	at com.kms.katalon.core.main.TestCaseMain.startTestSuite(TestCaseMain.java:205)
	at TempTestSuite1761031427677.run(TempTestSuite1761031427677.groovy:35)
	at java.base/jdk.internal.reflect.NativeMethodAccessorImpl.invoke0(Native Method)
	at java.base/jdk.internal.reflect.NativeMethodAccessorImpl.invoke(NativeMethodAccessorImpl.java:77)
	at java.base/jdk.internal.reflect.DelegatingMethodAccessorImpl.invoke(DelegatingMethodAccessorImpl.java:43)
Caused by: java.lang.Error: Unresolved compilation problems: 
	Groovy:unable to resolve class MobileBuiltInKeywords
	Groovy:unable to resolve class WSBuiltInKeywords
	Groovy:unable to resolve class WebUiBuiltInKeywords

	at mii.JsonParser.<init>(JsonParser.groovy:24)
	at java.base/jdk.internal.reflect.NativeConstructorAccessorImpl.newInstance0(Native Method)
	at java.base/jdk.internal.reflect.NativeConstructorAccessorImpl.newInstance(NativeConstructorAccessorImpl.java:77)
	at java.base/jdk.internal.reflect.DelegatingConstructorAccessorImpl.newInstance(DelegatingConstructorAccessorImpl.java:45)
	at java.base/jdk.internal.reflect.ReflectionFactory.newInstance(ReflectionFactory.java:347)
	at com.kms.katalon.core.main.CustomKeywordDelegatingMetaClass.invokeStaticMethod(CustomKeywordDelegatingMetaClass.java:51)
	... 16 more

2025-10-21 14:23:54.256 ERROR c.k.katalon.core.main.TestCaseExecutor   - ❌ Test Cases/TC01 API_AddObject FAILED.
Reason:
java.lang.Error: Unresolved compilation problems: 
	Groovy:unable to resolve class MobileBuiltInKeywords
	Groovy:unable to resolve class WSBuiltInKeywords
	Groovy:unable to resolve class WebUiBuiltInKeywords

	at mii.JsonParser.<init>(JsonParser.groovy:24)
	at java.base/jdk.internal.reflect.NativeConstructorAccessorImpl.newInstance0(Native Method)
	at java.base/jdk.internal.reflect.NativeConstructorAccessorImpl.newInstance(NativeConstructorAccessorImpl.java:77)
	at java.base/jdk.internal.reflect.DelegatingConstructorAccessorImpl.newInstance(DelegatingConstructorAccessorImpl.java:45)
	at java.base/jdk.internal.reflect.ReflectionFactory.newInstance(ReflectionFactory.java:347)
	at com.kms.katalon.core.main.CustomKeywordDelegatingMetaClass.invokeStaticMethod(CustomKeywordDelegatingMetaClass.java:51)
	at TC01 API_AddObject.run(TC01 API_AddObject:35)
	at com.kms.katalon.core.main.ScriptEngine.run(ScriptEngine.java:194)
	at com.kms.katalon.core.main.ScriptEngine.runScriptAsRawText(ScriptEngine.java:119)
	at com.kms.katalon.core.main.TestCaseExecutor.runScript(TestCaseExecutor.java:486)
	at com.kms.katalon.core.main.TestCaseExecutor.doExecute(TestCaseExecutor.java:477)
	at com.kms.katalon.core.main.TestCaseExecutor.processExecutionPhase(TestCaseExecutor.java:456)
	at com.kms.katalon.core.main.TestCaseExecutor.accessMainPhase(TestCaseExecutor.java:448)
	at com.kms.katalon.core.main.TestCaseExecutor.execute(TestCaseExecutor.java:322)
	at com.kms.katalon.core.common.CommonExecutor.accessTestCaseMainPhase(CommonExecutor.java:71)
	at com.kms.katalon.core.main.TestSuiteExecutor.accessTestSuiteMainPhase(TestSuiteExecutor.java:145)
	at com.kms.katalon.core.main.TestSuiteExecutor.execute(TestSuiteExecutor.java:104)
	at com.kms.katalon.core.main.TestCaseMain.startTestSuite(TestCaseMain.java:205)
	at TempTestSuite1761031427677.run(TempTestSuite1761031427677.groovy:35)
	at java.base/jdk.internal.reflect.NativeMethodAccessorImpl.invoke0(Native Method)
	at java.base/jdk.internal.reflect.NativeMethodAccessorImpl.invoke(NativeMethodAccessorImpl.java:77)
	at java.base/jdk.internal.reflect.DelegatingMethodAccessorImpl.invoke(DelegatingMethodAccessorImpl.java:43)

2025-10-21 14:23:54.261 INFO  c.k.katalon.core.main.TestCaseExecutor   - END Test Cases/TC01 API_AddObject
2025-10-21 14:23:54.268 INFO  c.k.katalon.core.main.TestCaseExecutor   - --------------------
2025-10-21 14:23:54.270 INFO  c.k.katalon.core.main.TestCaseExecutor   - START Test Cases/TC01 API_AddObject
2025-10-21 14:23:54.284 INFO  c.k.katalon.core.main.TestCaseExecutor   - namaTC = TC01
2025-10-21 14:23:54.285 INFO  c.k.katalon.core.main.TestCaseExecutor   - name = Apple MacBook Pro 16
2025-10-21 14:23:54.285 INFO  c.k.katalon.core.main.TestCaseExecutor   - year = 2019
2025-10-21 14:23:54.291 DEBUG testcase.TC01 API_AddObject              - 1: variable = [:]
2025-10-21 14:23:54.293 DEBUG testcase.TC01 API_AddObject              - 2: variable.put("namaTC", namaTC)
2025-10-21 14:23:54.295 DEBUG testcase.TC01 API_AddObject              - 3: comment("Nama Test Case: " + namaTC)
2025-10-21 14:23:54.298 INFO  c.k.k.c.keyword.builtin.CommentKeyword   - Nama Test Case: TC01
2025-10-21 14:23:54.299 DEBUG testcase.TC01 API_AddObject              - 4: request = findTestObject("API_TestObject/AddObjectAPI", ["url":"https://api.restful-api.dev"])
2025-10-21 14:23:54.333 DEBUG testcase.TC01 API_AddObject              - 5: response = sendRequest(request)
2025-10-21 14:23:54.472 INFO  c.k.k.core.webservice.common.HarLogger   - HAR: C:\Users\HP\git\KatalonTest2\Reports\20251021_142346\TS_APITest\20251021_142347\requests\main\AddObjectAPI_1.har
2025-10-21 14:23:54.476 DEBUG testcase.TC01 API_AddObject              - 6: bodyResponse = response.getResponseBodyContent()
2025-10-21 14:23:54.486 DEBUG testcase.TC01 API_AddObject              - 7: comment(bodyResponse)
2025-10-21 14:23:54.490 INFO  c.k.k.c.keyword.builtin.CommentKeyword   - {"id":"ff8081819782e69e019a05a730151c0c","name":"${name}","createdAt":"2025-10-21T07:23:54.261+00:00","data":{"year":2019,"price":1849.99,"CPU model":"${year}","Hard disk size":"1 TB"}}
2025-10-21 14:23:54.492 DEBUG testcase.TC01 API_AddObject              - 8: mii.JsonParser.compareNameProduct(bodyResponse, name)
2025-10-21 14:23:54.494 ERROR k.k.c.m.CustomKeywordDelegatingMetaClass - ❌ Unresolved compilation problems: 
	Groovy:unable to resolve class MobileBuiltInKeywords
	Groovy:unable to resolve class WSBuiltInKeywords
	Groovy:unable to resolve class WebUiBuiltInKeywords

2025-10-21 14:23:54.495 ERROR c.k.katalon.core.main.TestCaseExecutor   - ❌ Test Cases/TC01 API_AddObject FAILED.
Reason:
com.kms.katalon.core.exception.StepErrorException: java.lang.Error: Unresolved compilation problems: 
	Groovy:unable to resolve class MobileBuiltInKeywords
	Groovy:unable to resolve class WSBuiltInKeywords
	Groovy:unable to resolve class WebUiBuiltInKeywords

	at com.kms.katalon.core.main.CustomKeywordDelegatingMetaClass.throwError(CustomKeywordDelegatingMetaClass.java:101)
	at com.kms.katalon.core.main.CustomKeywordDelegatingMetaClass.invokeStaticMethod(CustomKeywordDelegatingMetaClass.java:73)
	at TC01 API_AddObject.run(TC01 API_AddObject:35)
	at com.kms.katalon.core.main.ScriptEngine.run(ScriptEngine.java:194)
	at com.kms.katalon.core.main.ScriptEngine.runScriptAsRawText(ScriptEngine.java:119)
	at com.kms.katalon.core.main.TestCaseExecutor.runScript(TestCaseExecutor.java:486)
	at com.kms.katalon.core.main.TestCaseExecutor.doExecute(TestCaseExecutor.java:477)
	at com.kms.katalon.core.main.TestCaseExecutor.processExecutionPhase(TestCaseExecutor.java:456)
	at com.kms.katalon.core.main.TestCaseExecutor.accessMainPhase(TestCaseExecutor.java:448)
	at com.kms.katalon.core.main.TestCaseExecutor.execute(TestCaseExecutor.java:322)
	at com.kms.katalon.core.main.TestCaseExecutor.execute(TestCaseExecutor.java:406)
	at com.kms.katalon.core.common.CommonExecutor.accessTestCaseMainPhase(CommonExecutor.java:71)
	at com.kms.katalon.core.main.TestSuiteExecutor.accessTestSuiteMainPhase(TestSuiteExecutor.java:145)
	at com.kms.katalon.core.main.TestSuiteExecutor.execute(TestSuiteExecutor.java:104)
	at com.kms.katalon.core.main.TestCaseMain.startTestSuite(TestCaseMain.java:205)
	at TempTestSuite1761031427677.run(TempTestSuite1761031427677.groovy:35)
	at java.base/jdk.internal.reflect.NativeMethodAccessorImpl.invoke0(Native Method)
	at java.base/jdk.internal.reflect.NativeMethodAccessorImpl.invoke(NativeMethodAccessorImpl.java:77)
	at java.base/jdk.internal.reflect.DelegatingMethodAccessorImpl.invoke(DelegatingMethodAccessorImpl.java:43)
Caused by: java.lang.Error: Unresolved compilation problems: 
	Groovy:unable to resolve class MobileBuiltInKeywords
	Groovy:unable to resolve class WSBuiltInKeywords
	Groovy:unable to resolve class WebUiBuiltInKeywords

	at mii.JsonParser.<init>(JsonParser.groovy:24)
	at java.base/jdk.internal.reflect.NativeConstructorAccessorImpl.newInstance0(Native Method)
	at java.base/jdk.internal.reflect.NativeConstructorAccessorImpl.newInstance(NativeConstructorAccessorImpl.java:77)
	at java.base/jdk.internal.reflect.DelegatingConstructorAccessorImpl.newInstance(DelegatingConstructorAccessorImpl.java:45)
	at java.base/jdk.internal.reflect.ReflectionFactory.newInstance(ReflectionFactory.java:347)
	at com.kms.katalon.core.main.CustomKeywordDelegatingMetaClass.invokeStaticMethod(CustomKeywordDelegatingMetaClass.java:51)
	... 17 more

2025-10-21 14:23:54.499 ERROR c.k.katalon.core.main.TestCaseExecutor   - ❌ Test Cases/TC01 API_AddObject FAILED.
Reason:
java.lang.Error: Unresolved compilation problems: 
	Groovy:unable to resolve class MobileBuiltInKeywords
	Groovy:unable to resolve class WSBuiltInKeywords
	Groovy:unable to resolve class WebUiBuiltInKeywords

	at mii.JsonParser.<init>(JsonParser.groovy:24)
	at java.base/jdk.internal.reflect.NativeConstructorAccessorImpl.newInstance0(Native Method)
	at java.base/jdk.internal.reflect.NativeConstructorAccessorImpl.newInstance(NativeConstructorAccessorImpl.java:77)
	at java.base/jdk.internal.reflect.DelegatingConstructorAccessorImpl.newInstance(DelegatingConstructorAccessorImpl.java:45)
	at java.base/jdk.internal.reflect.ReflectionFactory.newInstance(ReflectionFactory.java:347)
	at com.kms.katalon.core.main.CustomKeywordDelegatingMetaClass.invokeStaticMethod(CustomKeywordDelegatingMetaClass.java:51)
	at TC01 API_AddObject.run(TC01 API_AddObject:35)
	at com.kms.katalon.core.main.ScriptEngine.run(ScriptEngine.java:194)
	at com.kms.katalon.core.main.ScriptEngine.runScriptAsRawText(ScriptEngine.java:119)
	at com.kms.katalon.core.main.TestCaseExecutor.runScript(TestCaseExecutor.java:486)
	at com.kms.katalon.core.main.TestCaseExecutor.doExecute(TestCaseExecutor.java:477)
	at com.kms.katalon.core.main.TestCaseExecutor.processExecutionPhase(TestCaseExecutor.java:456)
	at com.kms.katalon.core.main.TestCaseExecutor.accessMainPhase(TestCaseExecutor.java:448)
	at com.kms.katalon.core.main.TestCaseExecutor.execute(TestCaseExecutor.java:322)
	at com.kms.katalon.core.main.TestCaseExecutor.execute(TestCaseExecutor.java:406)
	at com.kms.katalon.core.common.CommonExecutor.accessTestCaseMainPhase(CommonExecutor.java:71)
	at com.kms.katalon.core.main.TestSuiteExecutor.accessTestSuiteMainPhase(TestSuiteExecutor.java:145)
	at com.kms.katalon.core.main.TestSuiteExecutor.execute(TestSuiteExecutor.java:104)
	at com.kms.katalon.core.main.TestCaseMain.startTestSuite(TestCaseMain.java:205)
	at TempTestSuite1761031427677.run(TempTestSuite1761031427677.groovy:35)
	at java.base/jdk.internal.reflect.NativeMethodAccessorImpl.invoke0(Native Method)
	at java.base/jdk.internal.reflect.NativeMethodAccessorImpl.invoke(NativeMethodAccessorImpl.java:77)
	at java.base/jdk.internal.reflect.DelegatingMethodAccessorImpl.invoke(DelegatingMethodAccessorImpl.java:43)

2025-10-21 14:23:54.502 INFO  c.k.katalon.core.main.TestCaseExecutor   - END Test Cases/TC01 API_AddObject
2025-10-21 14:23:54.510 INFO  c.k.katalon.core.main.TestCaseExecutor   - --------------------
2025-10-21 14:23:54.510 INFO  c.k.katalon.core.main.TestCaseExecutor   - START Test Cases/TC01 API_AddObject
2025-10-21 14:23:54.541 INFO  c.k.katalon.core.main.TestCaseExecutor   - namaTC = TC01
2025-10-21 14:23:54.542 INFO  c.k.katalon.core.main.TestCaseExecutor   - name = Apple MacBook Pro 16
2025-10-21 14:23:54.542 INFO  c.k.katalon.core.main.TestCaseExecutor   - year = 2019
2025-10-21 14:23:54.546 DEBUG testcase.TC01 API_AddObject              - 1: variable = [:]
2025-10-21 14:23:54.547 DEBUG testcase.TC01 API_AddObject              - 2: variable.put("namaTC", namaTC)
2025-10-21 14:23:54.548 DEBUG testcase.TC01 API_AddObject              - 3: comment("Nama Test Case: " + namaTC)
2025-10-21 14:23:54.552 INFO  c.k.k.c.keyword.builtin.CommentKeyword   - Nama Test Case: TC01
2025-10-21 14:23:54.553 DEBUG testcase.TC01 API_AddObject              - 4: request = findTestObject("API_TestObject/AddObjectAPI", ["url":"https://api.restful-api.dev"])
2025-10-21 14:23:54.611 DEBUG testcase.TC01 API_AddObject              - 5: response = sendRequest(request)
2025-10-21 14:23:54.727 INFO  c.k.k.core.webservice.common.HarLogger   - HAR: C:\Users\HP\git\KatalonTest2\Reports\20251021_142346\TS_APITest\20251021_142347\requests\main\AddObjectAPI_2.har
2025-10-21 14:23:54.735 DEBUG testcase.TC01 API_AddObject              - 6: bodyResponse = response.getResponseBodyContent()
2025-10-21 14:23:54.736 DEBUG testcase.TC01 API_AddObject              - 7: comment(bodyResponse)
2025-10-21 14:23:54.739 INFO  c.k.k.c.keyword.builtin.CommentKeyword   - {"id":"ff8081819782e69e019a05a731111c0d","name":"${name}","createdAt":"2025-10-21T07:23:54.513+00:00","data":{"year":2019,"price":1849.99,"CPU model":"${year}","Hard disk size":"1 TB"}}
2025-10-21 14:23:54.740 DEBUG testcase.TC01 API_AddObject              - 8: mii.JsonParser.compareNameProduct(bodyResponse, name)
2025-10-21 14:23:54.742 ERROR k.k.c.m.CustomKeywordDelegatingMetaClass - ❌ Unresolved compilation problems: 
	Groovy:unable to resolve class MobileBuiltInKeywords
	Groovy:unable to resolve class WSBuiltInKeywords
	Groovy:unable to resolve class WebUiBuiltInKeywords

2025-10-21 14:23:54.743 ERROR c.k.katalon.core.main.TestCaseExecutor   - ❌ Test Cases/TC01 API_AddObject FAILED.
Reason:
com.kms.katalon.core.exception.StepErrorException: java.lang.Error: Unresolved compilation problems: 
	Groovy:unable to resolve class MobileBuiltInKeywords
	Groovy:unable to resolve class WSBuiltInKeywords
	Groovy:unable to resolve class WebUiBuiltInKeywords

	at com.kms.katalon.core.main.CustomKeywordDelegatingMetaClass.throwError(CustomKeywordDelegatingMetaClass.java:101)
	at com.kms.katalon.core.main.CustomKeywordDelegatingMetaClass.invokeStaticMethod(CustomKeywordDelegatingMetaClass.java:73)
	at TC01 API_AddObject.run(TC01 API_AddObject:35)
	at com.kms.katalon.core.main.ScriptEngine.run(ScriptEngine.java:194)
	at com.kms.katalon.core.main.ScriptEngine.runScriptAsRawText(ScriptEngine.java:119)
	at com.kms.katalon.core.main.TestCaseExecutor.runScript(TestCaseExecutor.java:486)
	at com.kms.katalon.core.main.TestCaseExecutor.doExecute(TestCaseExecutor.java:477)
	at com.kms.katalon.core.main.TestCaseExecutor.processExecutionPhase(TestCaseExecutor.java:456)
	at com.kms.katalon.core.main.TestCaseExecutor.accessMainPhase(TestCaseExecutor.java:448)
	at com.kms.katalon.core.main.TestCaseExecutor.execute(TestCaseExecutor.java:322)
	at com.kms.katalon.core.main.TestCaseExecutor.execute(TestCaseExecutor.java:406)
	at com.kms.katalon.core.main.TestCaseExecutor.execute(TestCaseExecutor.java:406)
	at com.kms.katalon.core.common.CommonExecutor.accessTestCaseMainPhase(CommonExecutor.java:71)
	at com.kms.katalon.core.main.TestSuiteExecutor.accessTestSuiteMainPhase(TestSuiteExecutor.java:145)
	at com.kms.katalon.core.main.TestSuiteExecutor.execute(TestSuiteExecutor.java:104)
	at com.kms.katalon.core.main.TestCaseMain.startTestSuite(TestCaseMain.java:205)
	at TempTestSuite1761031427677.run(TempTestSuite1761031427677.groovy:35)
	at java.base/jdk.internal.reflect.NativeMethodAccessorImpl.invoke0(Native Method)
	at java.base/jdk.internal.reflect.NativeMethodAccessorImpl.invoke(NativeMethodAccessorImpl.java:77)
	at java.base/jdk.internal.reflect.DelegatingMethodAccessorImpl.invoke(DelegatingMethodAccessorImpl.java:43)
Caused by: java.lang.Error: Unresolved compilation problems: 
	Groovy:unable to resolve class MobileBuiltInKeywords
	Groovy:unable to resolve class WSBuiltInKeywords
	Groovy:unable to resolve class WebUiBuiltInKeywords

	at mii.JsonParser.<init>(JsonParser.groovy:24)
	at java.base/jdk.internal.reflect.NativeConstructorAccessorImpl.newInstance0(Native Method)
	at java.base/jdk.internal.reflect.NativeConstructorAccessorImpl.newInstance(NativeConstructorAccessorImpl.java:77)
	at java.base/jdk.internal.reflect.DelegatingConstructorAccessorImpl.newInstance(DelegatingConstructorAccessorImpl.java:45)
	at java.base/jdk.internal.reflect.ReflectionFactory.newInstance(ReflectionFactory.java:347)
	at com.kms.katalon.core.main.CustomKeywordDelegatingMetaClass.invokeStaticMethod(CustomKeywordDelegatingMetaClass.java:51)
	... 18 more

2025-10-21 14:23:54.746 ERROR c.k.katalon.core.main.TestCaseExecutor   - ❌ Test Cases/TC01 API_AddObject FAILED.
Reason:
java.lang.Error: Unresolved compilation problems: 
	Groovy:unable to resolve class MobileBuiltInKeywords
	Groovy:unable to resolve class WSBuiltInKeywords
	Groovy:unable to resolve class WebUiBuiltInKeywords

	at mii.JsonParser.<init>(JsonParser.groovy:24)
	at java.base/jdk.internal.reflect.NativeConstructorAccessorImpl.newInstance0(Native Method)
	at java.base/jdk.internal.reflect.NativeConstructorAccessorImpl.newInstance(NativeConstructorAccessorImpl.java:77)
	at java.base/jdk.internal.reflect.DelegatingConstructorAccessorImpl.newInstance(DelegatingConstructorAccessorImpl.java:45)
	at java.base/jdk.internal.reflect.ReflectionFactory.newInstance(ReflectionFactory.java:347)
	at com.kms.katalon.core.main.CustomKeywordDelegatingMetaClass.invokeStaticMethod(CustomKeywordDelegatingMetaClass.java:51)
	at TC01 API_AddObject.run(TC01 API_AddObject:35)
	at com.kms.katalon.core.main.ScriptEngine.run(ScriptEngine.java:194)
	at com.kms.katalon.core.main.ScriptEngine.runScriptAsRawText(ScriptEngine.java:119)
	at com.kms.katalon.core.main.TestCaseExecutor.runScript(TestCaseExecutor.java:486)
	at com.kms.katalon.core.main.TestCaseExecutor.doExecute(TestCaseExecutor.java:477)
	at com.kms.katalon.core.main.TestCaseExecutor.processExecutionPhase(TestCaseExecutor.java:456)
	at com.kms.katalon.core.main.TestCaseExecutor.accessMainPhase(TestCaseExecutor.java:448)
	at com.kms.katalon.core.main.TestCaseExecutor.execute(TestCaseExecutor.java:322)
	at com.kms.katalon.core.main.TestCaseExecutor.execute(TestCaseExecutor.java:406)
	at com.kms.katalon.core.main.TestCaseExecutor.execute(TestCaseExecutor.java:406)
	at com.kms.katalon.core.common.CommonExecutor.accessTestCaseMainPhase(CommonExecutor.java:71)
	at com.kms.katalon.core.main.TestSuiteExecutor.accessTestSuiteMainPhase(TestSuiteExecutor.java:145)
	at com.kms.katalon.core.main.TestSuiteExecutor.execute(TestSuiteExecutor.java:104)
	at com.kms.katalon.core.main.TestCaseMain.startTestSuite(TestCaseMain.java:205)
	at TempTestSuite1761031427677.run(TempTestSuite1761031427677.groovy:35)
	at java.base/jdk.internal.reflect.NativeMethodAccessorImpl.invoke0(Native Method)
	at java.base/jdk.internal.reflect.NativeMethodAccessorImpl.invoke(NativeMethodAccessorImpl.java:77)
	at java.base/jdk.internal.reflect.DelegatingMethodAccessorImpl.invoke(DelegatingMethodAccessorImpl.java:43)

2025-10-21 14:23:54.748 INFO  c.k.katalon.core.main.TestCaseExecutor   - END Test Cases/TC01 API_AddObject
2025-10-21 14:23:54.752 INFO  c.k.katalon.core.main.TestCaseExecutor   - --------------------
2025-10-21 14:23:54.753 INFO  c.k.katalon.core.main.TestCaseExecutor   - START Test Cases/TC01 API_AddObject
2025-10-21 14:23:54.764 INFO  c.k.katalon.core.main.TestCaseExecutor   - namaTC = TC01
2025-10-21 14:23:54.765 INFO  c.k.katalon.core.main.TestCaseExecutor   - name = Apple MacBook Pro 16
2025-10-21 14:23:54.765 INFO  c.k.katalon.core.main.TestCaseExecutor   - year = 2019
2025-10-21 14:23:54.768 DEBUG testcase.TC01 API_AddObject              - 1: variable = [:]
2025-10-21 14:23:54.769 DEBUG testcase.TC01 API_AddObject              - 2: variable.put("namaTC", namaTC)
2025-10-21 14:23:54.771 DEBUG testcase.TC01 API_AddObject              - 3: comment("Nama Test Case: " + namaTC)
2025-10-21 14:23:54.773 INFO  c.k.k.c.keyword.builtin.CommentKeyword   - Nama Test Case: TC01
2025-10-21 14:23:54.774 DEBUG testcase.TC01 API_AddObject              - 4: request = findTestObject("API_TestObject/AddObjectAPI", ["url":"https://api.restful-api.dev"])
2025-10-21 14:23:54.799 DEBUG testcase.TC01 API_AddObject              - 5: response = sendRequest(request)
2025-10-21 14:23:54.912 INFO  c.k.k.core.webservice.common.HarLogger   - HAR: C:\Users\HP\git\KatalonTest2\Reports\20251021_142346\TS_APITest\20251021_142347\requests\main\AddObjectAPI_3.har
2025-10-21 14:23:54.921 DEBUG testcase.TC01 API_AddObject              - 6: bodyResponse = response.getResponseBodyContent()
2025-10-21 14:23:54.922 DEBUG testcase.TC01 API_AddObject              - 7: comment(bodyResponse)
2025-10-21 14:23:54.923 INFO  c.k.k.c.keyword.builtin.CommentKeyword   - {"id":"ff8081819782e69e019a05a731d01c0e","name":"${name}","createdAt":"2025-10-21T07:23:54.704+00:00","data":{"year":2019,"price":1849.99,"CPU model":"${year}","Hard disk size":"1 TB"}}
2025-10-21 14:23:54.924 DEBUG testcase.TC01 API_AddObject              - 8: mii.JsonParser.compareNameProduct(bodyResponse, name)
2025-10-21 14:23:54.924 ERROR k.k.c.m.CustomKeywordDelegatingMetaClass - ❌ Unresolved compilation problems: 
	Groovy:unable to resolve class MobileBuiltInKeywords
	Groovy:unable to resolve class WSBuiltInKeywords
	Groovy:unable to resolve class WebUiBuiltInKeywords

2025-10-21 14:23:54.925 ERROR c.k.katalon.core.main.TestCaseExecutor   - ❌ Test Cases/TC01 API_AddObject FAILED.
Reason:
com.kms.katalon.core.exception.StepErrorException: java.lang.Error: Unresolved compilation problems: 
	Groovy:unable to resolve class MobileBuiltInKeywords
	Groovy:unable to resolve class WSBuiltInKeywords
	Groovy:unable to resolve class WebUiBuiltInKeywords

	at com.kms.katalon.core.main.CustomKeywordDelegatingMetaClass.throwError(CustomKeywordDelegatingMetaClass.java:101)
	at com.kms.katalon.core.main.CustomKeywordDelegatingMetaClass.invokeStaticMethod(CustomKeywordDelegatingMetaClass.java:73)
	at TC01 API_AddObject.run(TC01 API_AddObject:35)
	at com.kms.katalon.core.main.ScriptEngine.run(ScriptEngine.java:194)
	at com.kms.katalon.core.main.ScriptEngine.runScriptAsRawText(ScriptEngine.java:119)
	at com.kms.katalon.core.main.TestCaseExecutor.runScript(TestCaseExecutor.java:486)
	at com.kms.katalon.core.main.TestCaseExecutor.doExecute(TestCaseExecutor.java:477)
	at com.kms.katalon.core.main.TestCaseExecutor.processExecutionPhase(TestCaseExecutor.java:456)
	at com.kms.katalon.core.main.TestCaseExecutor.accessMainPhase(TestCaseExecutor.java:448)
	at com.kms.katalon.core.main.TestCaseExecutor.execute(TestCaseExecutor.java:322)
	at com.kms.katalon.core.main.TestCaseExecutor.execute(TestCaseExecutor.java:406)
	at com.kms.katalon.core.main.TestCaseExecutor.execute(TestCaseExecutor.java:406)
	at com.kms.katalon.core.main.TestCaseExecutor.execute(TestCaseExecutor.java:406)
	at com.kms.katalon.core.common.CommonExecutor.accessTestCaseMainPhase(CommonExecutor.java:71)
	at com.kms.katalon.core.main.TestSuiteExecutor.accessTestSuiteMainPhase(TestSuiteExecutor.java:145)
	at com.kms.katalon.core.main.TestSuiteExecutor.execute(TestSuiteExecutor.java:104)
	at com.kms.katalon.core.main.TestCaseMain.startTestSuite(TestCaseMain.java:205)
	at TempTestSuite1761031427677.run(TempTestSuite1761031427677.groovy:35)
	at java.base/jdk.internal.reflect.NativeMethodAccessorImpl.invoke0(Native Method)
	at java.base/jdk.internal.reflect.NativeMethodAccessorImpl.invoke(NativeMethodAccessorImpl.java:77)
	at java.base/jdk.internal.reflect.DelegatingMethodAccessorImpl.invoke(DelegatingMethodAccessorImpl.java:43)
Caused by: java.lang.Error: Unresolved compilation problems: 
	Groovy:unable to resolve class MobileBuiltInKeywords
	Groovy:unable to resolve class WSBuiltInKeywords
	Groovy:unable to resolve class WebUiBuiltInKeywords

	at mii.JsonParser.<init>(JsonParser.groovy:24)
	at java.base/jdk.internal.reflect.NativeConstructorAccessorImpl.newInstance0(Native Method)
	at java.base/jdk.internal.reflect.NativeConstructorAccessorImpl.newInstance(NativeConstructorAccessorImpl.java:77)
	at java.base/jdk.internal.reflect.DelegatingConstructorAccessorImpl.newInstance(DelegatingConstructorAccessorImpl.java:45)
	at java.base/jdk.internal.reflect.ReflectionFactory.newInstance(ReflectionFactory.java:347)
	at com.kms.katalon.core.main.CustomKeywordDelegatingMetaClass.invokeStaticMethod(CustomKeywordDelegatingMetaClass.java:51)
	... 19 more

2025-10-21 14:23:54.927 ERROR c.k.katalon.core.main.TestCaseExecutor   - ❌ Test Cases/TC01 API_AddObject FAILED.
Reason:
java.lang.Error: Unresolved compilation problems: 
	Groovy:unable to resolve class MobileBuiltInKeywords
	Groovy:unable to resolve class WSBuiltInKeywords
	Groovy:unable to resolve class WebUiBuiltInKeywords

	at mii.JsonParser.<init>(JsonParser.groovy:24)
	at java.base/jdk.internal.reflect.NativeConstructorAccessorImpl.newInstance0(Native Method)
	at java.base/jdk.internal.reflect.NativeConstructorAccessorImpl.newInstance(NativeConstructorAccessorImpl.java:77)
	at java.base/jdk.internal.reflect.DelegatingConstructorAccessorImpl.newInstance(DelegatingConstructorAccessorImpl.java:45)
	at java.base/jdk.internal.reflect.ReflectionFactory.newInstance(ReflectionFactory.java:347)
	at com.kms.katalon.core.main.CustomKeywordDelegatingMetaClass.invokeStaticMethod(CustomKeywordDelegatingMetaClass.java:51)
	at TC01 API_AddObject.run(TC01 API_AddObject:35)
	at com.kms.katalon.core.main.ScriptEngine.run(ScriptEngine.java:194)
	at com.kms.katalon.core.main.ScriptEngine.runScriptAsRawText(ScriptEngine.java:119)
	at com.kms.katalon.core.main.TestCaseExecutor.runScript(TestCaseExecutor.java:486)
	at com.kms.katalon.core.main.TestCaseExecutor.doExecute(TestCaseExecutor.java:477)
	at com.kms.katalon.core.main.TestCaseExecutor.processExecutionPhase(TestCaseExecutor.java:456)
	at com.kms.katalon.core.main.TestCaseExecutor.accessMainPhase(TestCaseExecutor.java:448)
	at com.kms.katalon.core.main.TestCaseExecutor.execute(TestCaseExecutor.java:322)
	at com.kms.katalon.core.main.TestCaseExecutor.execute(TestCaseExecutor.java:406)
	at com.kms.katalon.core.main.TestCaseExecutor.execute(TestCaseExecutor.java:406)
	at com.kms.katalon.core.main.TestCaseExecutor.execute(TestCaseExecutor.java:406)
	at com.kms.katalon.core.common.CommonExecutor.accessTestCaseMainPhase(CommonExecutor.java:71)
	at com.kms.katalon.core.main.TestSuiteExecutor.accessTestSuiteMainPhase(TestSuiteExecutor.java:145)
	at com.kms.katalon.core.main.TestSuiteExecutor.execute(TestSuiteExecutor.java:104)
	at com.kms.katalon.core.main.TestCaseMain.startTestSuite(TestCaseMain.java:205)
	at TempTestSuite1761031427677.run(TempTestSuite1761031427677.groovy:35)
	at java.base/jdk.internal.reflect.NativeMethodAccessorImpl.invoke0(Native Method)
	at java.base/jdk.internal.reflect.NativeMethodAccessorImpl.invoke(NativeMethodAccessorImpl.java:77)
	at java.base/jdk.internal.reflect.DelegatingMethodAccessorImpl.invoke(DelegatingMethodAccessorImpl.java:43)

2025-10-21 14:23:54.930 INFO  c.k.katalon.core.main.TestCaseExecutor   - END Test Cases/TC01 API_AddObject
2025-10-21 14:23:54.976 INFO  c.k.katalon.core.main.TestSuiteExecutor  - --------------------
2025-10-21 14:23:54.976 INFO  c.k.katalon.core.main.TestSuiteExecutor  - END Test Suites/TS_APITest
2025-10-21 14:23:54.976 INFO  c.k.katalon.core.main.TestSuiteExecutor  - ====================
